<?xml version="1.0" encoding="UTF-8"?>
<!-- Generated by org.testng.reporters.JUnitXMLReporter -->
<testsuite ignored="0" hostname="Deepa" failures="0" tests="3" name="Test" time="36.276" errors="0" timestamp="2023-05-23T11:25:24 IST">
  <testcase classname="testNGAnnotations.GoogleSearchTestCase" name="search1" time="0.467"/>
  <testcase classname="testNGAnnotations.GoogleSearchTestCase" name="search2" time="0.476"/>
  <testcase classname="testNGAnnotations.GoogleSearchTestCase" name="search3" time="9.892"/>
</testsuite> <!-- Test -->
