<?xml version="1.0" encoding="UTF-8"?>
<!-- Generated by org.testng.reporters.JUnitXMLReporter -->
<testsuite ignored="0" hostname="Deepa" failures="0" tests="5" name="Default test" time="52.227" errors="0" timestamp="2023-05-30T10:35:54 IST">
  <testcase classname="dyanamicScreenShort.ActiTimeDataProvider" name="loginInvalid" time="2.511"/>
  <testcase classname="dyanamicScreenShort.ActiTimeDataProvider" name="loginInvalid" time="2.461"/>
  <testcase classname="dyanamicScreenShort.ActiTimeDataProvider" name="loginInvalid" time="2.49"/>
  <testcase classname="dyanamicScreenShort.ActiTimeDataProvider" name="loginInvalid" time="2.482"/>
  <testcase classname="dyanamicScreenShort.ActiTimeDataProvider" name="loginInvalid" time="2.516"/>
</testsuite> <!-- Default test -->
