<?xml version="1.0" encoding="UTF-8"?>
<testng-results ignored="0" total="3" passed="3" failed="0" skipped="0">
  <reporter-output>
  </reporter-output>
  <suite started-at="2023-05-22T20:41:01 IST" name="Suite" finished-at="2023-05-22T20:41:44 IST" duration-ms="43653">
    <groups>
    </groups>
    <test started-at="2023-05-22T20:41:01 IST" name="Test" finished-at="2023-05-22T20:41:44 IST" duration-ms="43653">
      <class name="testNGPackage2.Test3">
        <test-method signature="test3Method()[pri:0, instance:testNGPackage2.Test3@78b66d36]" started-at="2023-05-22T20:41:31 IST" name="test3Method" finished-at="2023-05-22T20:41:44 IST" duration-ms="13016" status="PASS">
          <reporter-output>
          </reporter-output>
        </test-method> <!-- test3Method -->
      </class> <!-- testNGPackage2.Test3 -->
      <class name="testNGPackage2.Test1">
        <test-method signature="test1Method()[pri:0, instance:testNGPackage2.Test1@1b1473ab]" started-at="2023-05-22T20:41:01 IST" name="test1Method" finished-at="2023-05-22T20:41:19 IST" duration-ms="18107" status="PASS">
          <reporter-output>
          </reporter-output>
        </test-method> <!-- test1Method -->
      </class> <!-- testNGPackage2.Test1 -->
      <class name="testNGPackage2.Test2">
        <test-method signature="test2Method()[pri:0, instance:testNGPackage2.Test2@7ce3cb8e]" started-at="2023-05-22T20:41:19 IST" name="test2Method" finished-at="2023-05-22T20:41:31 IST" duration-ms="12415" status="PASS">
          <reporter-output>
          </reporter-output>
        </test-method> <!-- test2Method -->
      </class> <!-- testNGPackage2.Test2 -->
    </test> <!-- Test -->
  </suite> <!-- Suite -->
</testng-results>
