<?xml version="1.0" encoding="UTF-8"?>
<!-- Generated by org.testng.reporters.JUnitXMLReporter -->
<testsuite ignored="2" hostname="Deepa" failures="0" tests="1" name="Test(failed)(failed)" time="0.103" errors="0" timestamp="2023-05-23T09:45:41 IST">
  <testcase classname="testNGPackage2.DemoTest2" name="f1" time="0.024"/>
  <testcase classname="testNGPackage2.DemoTest2" name="e" time="0.0">
    <ignored/>
  </testcase> <!-- e -->
  <testcase classname="testNGPackage2.DemoTest2" name="f" time="0.0">
    <ignored/>
  </testcase> <!-- f -->
</testsuite> <!-- Test(failed)(failed) -->
